<?xml version="1.0" encoding="UTF-8"?>
<testsuite xmlns:xsi="http://www.w3.org/2001/XMLSchema-instance" xsi:noNamespaceSchemaLocation="https://maven.apache.org/surefire/maven-surefire-plugin/xsd/surefire-test-report-3.0.xsd" version="3.0" name="com.svvt.CodeCoverage.EightQueenDeepSeekTest" time="0.0" tests="5" errors="0" skipped="0" failures="0">
  <properties>
[...]
</properties>
  <testcase name="testQueensAreSafe_ValidInput_ReturnsTrue" classname="com.svvt.CodeCoverage.EightQueenDeepSeekTest" time="0.0"/>
  <testcase name="testQueensAreSafe_InvalidCharsInput_ThrowsAssertionError" classname="com.svvt.CodeCoverage.EightQueenDeepSeekTest" time="0.0"/>
  <testcase name="testQueensAreSafe_AllQueensAreUnsafe_ReturnsFalse" classname="com.svvt.CodeCoverage.EightQueenDeepSeekTest" time="0.0"/>
  <testcase name="testQueensAreSafe_NullInput_ThrowsAssertionError" classname="com.svvt.CodeCoverage.EightQueenDeepSeekTest" time="0.0"/>
  <testcase name="testQueensAreSafe_NonSquareInput_ThrowsAssertionError" classname="com.svvt.CodeCoverage.EightQueenDeepSeekTest" time="0.0"/>
</testsuite>